biometric-android/biometric-demo-app/build/intermediates/manifest_merge_blame_file/debug/manifest-merger-blame-debug-report.txt
1<?xml version="1.0" encoding="utf-8"?>
2<manifest xmlns:android="http://schemas.android.com/apk/res/android"
3    package="com.biometric.poc.demo"
4    android:versionCode="1"
5    android:versionName="1.0" >
6
7    <uses-sdk
8        android:minSdkVersion="23"
8-->src\main\AndroidManifest.xml
9        android:targetSdkVersion="33" />
9-->src\main\AndroidManifest.xml
10
11    <uses-permission android:name="android.permission.USE_BIOMETRIC" />
11-->src\main\AndroidManifest.xml:4:5-72
11-->src\main\AndroidManifest.xml:4:22-69
12    <uses-permission android:name="android.permission.INTERNET" />
12-->src\main\AndroidManifest.xml:5:5-67
12-->src\main\AndroidManifest.xml:5:22-64
13
14    <uses-feature
14-->src\main\AndroidManifest.xml:7:5-9:36
15        android:name="android.hardware.biometrics.face"
15-->src\main\AndroidManifest.xml:8:9-56
16        android:required="false" />
16-->src\main\AndroidManifest.xml:9:9-33
17
18    <!-- suppress DeprecatedClassUsageInspection -->
19    <uses-permission android:name="android.permission.USE_FINGERPRINT" />
19-->[androidx.biometric:biometric:1.1.0] AndroidManifest.xml:27:5-74
19-->[androidx.biometric:biometric:1.1.0] AndroidManifest.xml:27:22-71
20
21    <application
21-->src\main\AndroidManifest.xml:11:5-40:19
22        android:name="com.biometric.poc.demo.BiometricApplication"
22-->src\main\AndroidManifest.xml:12:9-45
23        android:allowBackup="true"
23-->src\main\AndroidManifest.xml:13:9-35
24        android:appComponentFactory="androidx.core.app.CoreComponentFactory"
24-->[androidx.core:core:1.8.0] AndroidManifest.xml:24:18-86
25        android:debuggable="true"
26        android:extractNativeLibs="false"
27        android:label="@string/app_name"
27-->src\main\AndroidManifest.xml:14:9-41
28        android:networkSecurityConfig="@xml/network_security_config"
28-->src\main\AndroidManifest.xml:15:9-69
29        android:testOnly="true"
30        android:theme="@style/Theme.BiometricDemo"
30-->src\main\AndroidManifest.xml:16:9-51
31        android:usesCleartextTraffic="true" >
31-->src\main\AndroidManifest.xml:17:9-44
32        <activity
32-->src\main\AndroidManifest.xml:19:9-26:20
33            android:name="com.biometric.poc.demo.MainActivity"
33-->src\main\AndroidManifest.xml:20:13-41
34            android:exported="true" >
34-->src\main\AndroidManifest.xml:21:13-36
35            <intent-filter>
35-->src\main\AndroidManifest.xml:22:13-25:29
36                <action android:name="android.intent.action.MAIN" />
36-->src\main\AndroidManifest.xml:23:17-69
36-->src\main\AndroidManifest.xml:23:25-66
37
38                <category android:name="android.intent.category.LAUNCHER" />
38-->src\main\AndroidManifest.xml:24:17-77
38-->src\main\AndroidManifest.xml:24:27-74
39            </intent-filter>
40        </activity>
41        <activity
41-->src\main\AndroidManifest.xml:28:9-30:40
42            android:name="com.biometric.poc.demo.RegisterActivity"
42-->src\main\AndroidManifest.xml:29:13-45
43            android:exported="false" />
43-->src\main\AndroidManifest.xml:30:13-37
44        <activity
44-->src\main\AndroidManifest.xml:32:9-34:40
45            android:name="com.biometric.poc.demo.LoginActivity"
45-->src\main\AndroidManifest.xml:33:13-42
46            android:exported="false" />
46-->src\main\AndroidManifest.xml:34:13-37
47        <activity
47-->src\main\AndroidManifest.xml:36:9-38:40
48            android:name="com.biometric.poc.demo.MainAfterLoginActivity"
48-->src\main\AndroidManifest.xml:37:13-51
49            android:exported="false" />
49-->src\main\AndroidManifest.xml:38:13-37
50    </application>
51
52</manifest>